host: isca183.mskcc.org
Building DAG of jobs...
Using shell: /usr/bin/bash
Provided remote nodes: 1
Provided resources: mem_mb=2857, mem_mib=2725, disk_mb=2857, disk_mib=2725, mem_mb_per_cpu=12000, cpus_per_task=8, nodes=1
Select jobs to execute...
Execute 1 jobs...

[Mon Apr 21 15:20:13 2025]
rule mPileup_HapModStrandSpecific:
    input: /data1/greenbab/projects/triplicates_epigenetics_diyva/DNA/preprocessed/D-0-1_4000_haplotagged_5mCcoPhased_Authorscomment.bam
    output: /data1/greenbab/users/ahunos/apps/workflows/methylation_workflows/modkit_wf/mPileup_HapModStrandSpecific/D01_4000/D01_4000.done
    jobid: 0
    reason: Forced execution
    wildcards: sample=D01_4000
    resources: mem_mb=2857, mem_mib=2725, disk_mb=2857, disk_mib=2725, tmpdir=<TBD>, slurm_partition=cpushort, slurm_account=greenbab, runtime=20, mem_mb_per_cpu=12000, cpus_per_task=8, nodes=1
Shell command: 
        mkdir -p /data1/greenbab/users/ahunos/apps/workflows/methylation_workflows/modkit_wf/mPileup_HapModStrandSpecific/D01_4000

        ~/.cargo/bin/modkit pileup --threads 16                  --prefix D01_4000         --motif CG 0         --ref /data1/greenbab/database/mm10/mm10.fa         --partition-tag HP         --region chr19         --log-filepath /data1/greenbab/users/ahunos/apps/workflows/methylation_workflows/modkit_wf/mPileup_HapModStrandSpecific/D01_4000/D01_4000.log         /data1/greenbab/projects/triplicates_epigenetics_diyva/DNA/preprocessed/D-0-1_4000_haplotagged_5mCcoPhased_Authorscomment.bam         /data1/greenbab/users/ahunos/apps/workflows/methylation_workflows/modkit_wf/mPileup_HapModStrandSpecific/D01_4000 && touch /data1/greenbab/users/ahunos/apps/workflows/methylation_workflows/modkit_wf/mPileup_HapModStrandSpecific/D01_4000/D01_4000.done
        
host: isca183.mskcc.org
Building DAG of jobs...
Using shell: /usr/bin/bash
Provided cores: 8
Rules claiming more threads will be scaled down.
Provided resources: mem_mb=2857, mem_mib=2725, disk_mb=2857, disk_mib=2725, mem_mb_per_cpu=12000, cpus_per_task=8, nodes=1
Select jobs to execute...
Execute 1 jobs...

[Mon Apr 21 15:20:14 2025]
localrule mPileup_HapModStrandSpecific:
    input: /data1/greenbab/projects/triplicates_epigenetics_diyva/DNA/preprocessed/D-0-1_4000_haplotagged_5mCcoPhased_Authorscomment.bam
    output: /data1/greenbab/users/ahunos/apps/workflows/methylation_workflows/modkit_wf/mPileup_HapModStrandSpecific/D01_4000/D01_4000.done
    jobid: 0
    reason: Forced execution
    wildcards: sample=D01_4000
    resources: mem_mb=2857, mem_mib=2725, disk_mb=2857, disk_mib=2725, tmpdir=/tmp, slurm_partition=cpushort, slurm_account=greenbab, runtime=20, mem_mb_per_cpu=12000, cpus_per_task=8, nodes=1
Shell command: 
        mkdir -p /data1/greenbab/users/ahunos/apps/workflows/methylation_workflows/modkit_wf/mPileup_HapModStrandSpecific/D01_4000

        ~/.cargo/bin/modkit pileup --threads 16                  --prefix D01_4000         --motif CG 0         --ref /data1/greenbab/database/mm10/mm10.fa         --partition-tag HP         --region chr19         --log-filepath /data1/greenbab/users/ahunos/apps/workflows/methylation_workflows/modkit_wf/mPileup_HapModStrandSpecific/D01_4000/D01_4000.log         /data1/greenbab/projects/triplicates_epigenetics_diyva/DNA/preprocessed/D-0-1_4000_haplotagged_5mCcoPhased_Authorscomment.bam         /data1/greenbab/users/ahunos/apps/workflows/methylation_workflows/modkit_wf/mPileup_HapModStrandSpecific/D01_4000 && touch /data1/greenbab/users/ahunos/apps/workflows/methylation_workflows/modkit_wf/mPileup_HapModStrandSpecific/D01_4000/D01_4000.done
        
Waiting for more resources.
> parsing region chr19
> calculated chunk size: 24, interval size 100000, processing 2400000 positions concurrently
> attempting to sample 10042 reads
> Using filter threshold 0.8691406 for C.
> Done, processed 5507786 rows. Processed ~101380 reads and skipped ~2 reads.
[Mon Apr 21 15:20:51 2025]
Finished jobid: 0 (Rule: mPileup_HapModStrandSpecific)
1 of 1 steps (100%) done
Storing output in storage.
Waiting for more resources.
[Mon Apr 21 15:20:51 2025]
Finished jobid: 0 (Rule: mPileup_HapModStrandSpecific)
1 of 1 steps (100%) done
Storing output in storage.
